#
# There is insufficient memory for the Java Runtime Environment to continue.
# Native memory allocation (malloc) failed to allocate 1048576 bytes for AllocateHeap
# Possible reasons:
#   The system is out of physical RAM or swap space
#   The process is running with CompressedOops enabled, and the Java Heap may be blocking the growth of the native heap
# Possible solutions:
#   Reduce memory load on the system
#   Increase physical memory or swap space
#   Check if swap backing store is full
#   Decrease Java heap size (-Xmx/-Xms)
#   Decrease number of Java threads
#   Decrease Java thread stack sizes (-Xss)
#   Set larger code cache with -XX:ReservedCodeCacheSize=
#   JVM is running with Unscaled Compressed Oops mode in which the Java heap is
#     placed in the first 4GB address space. The Java Heap base address is the
#     maximum limit for the native heap growth. Please use -XX:HeapBaseMinAddress
#     to set the Java Heap base and to place the Java Heap above 4GB virtual address.
# This output file may be truncated or incomplete.
#
#  Out of Memory Error (memory/allocation.inline.hpp:61), pid=33992, tid=0x00000000000074d0
#
# JRE version:  (8.0_242-b01) (build )
# Java VM: OpenJDK 64-Bit Server VM (25.242-b01 mixed mode windows-amd64 compressed oops)
# Failed to write core dump. Minidumps are not enabled by default on client versions of Windows
#

---------------  T H R E A D  ---------------

Current thread (0x0000000002722800):  JavaThread "Unknown thread" [_thread_in_vm, id=29904, stack(0x0000000002620000,0x0000000002720000)]

Stack: [0x0000000002620000,0x0000000002720000]
[error occurred during error reporting (printing stack bounds), id 0xc0000005]

Native frames: (J=compiled Java code, j=interpreted, Vv=VM code, C=native code)


---------------  P R O C E S S  ---------------

Java Threads: ( => current thread )

Other Threads:

=>0x0000000002722800 (exited) JavaThread "Unknown thread" [_thread_in_vm, id=29904, stack(0x0000000002620000,0x0000000002720000)]

VM state:not at safepoint (normal execution)

VM Mutex/Monitor currently owned by a thread: None

heap address: 0x0000000082400000, size: 2012 MB, Compressed Oops mode: 32-bit
Narrow klass base: 0x0000000000000000, Narrow klass shift: 3
Compressed class space size: 1073741824 Address: 0x0000000100000000

Heap:
 PSYoungGen      total 37888K, used 655K [0x00000000d6180000, 0x00000000d8b80000, 0x0000000100000000)
  eden space 32768K, 2% used [0x00000000d6180000,0x00000000d6223d80,0x00000000d8180000)
  from space 5120K, 0% used [0x00000000d8680000,0x00000000d8680000,0x00000000d8b80000)
  to   space 5120K, 0% used [0x00000000d8180000,0x00000000d8180000,0x00000000d8680000)
 ParOldGen       total 86016K, used 0K [0x0000000082400000, 0x0000000087800000, 0x00000000d6180000)
  object space 86016K, 0% used [0x0000000082400000,0x0000000082400000,0x0000000087800000)
 Metaspace       used 779K, capacity 4480K, committed 4480K, reserved 1056768K
  class space    used 74K, capacity 384K, committed 384K, reserved 1048576K

Card table byte_map: [0x0000000011be0000,0x0000000011fd0000] byte_map_base: 0x00000000117ce000

Marking Bits: (ParMarkBitMap*) 0x00000000605ef030
 Begin Bits: [0x0000000012670000, 0x00000000145e0000)
 End Bits:   [0x00000000145e0000, 0x0000000016550000)

Polling page: 0x0000000000c60000

CodeCache: size=245760Kb used=328Kb max_used=328Kb free=245431Kb
 bounds [0x0000000002820000, 0x0000000002a90000, 0x0000000011820000]
 total_blobs=57 nmethods=0 adapters=38
 compilation: enabled

Compilation events (0 events):
No events

GC Heap History (0 events):
No events

Deoptimization events (0 events):
No events

Classes redefined (0 events):
No events

Internal exceptions (0 events):
No events

Events (10 events):
Event: 0.172 loading class java/lang/Short
Event: 0.172 loading class java/lang/Short done
Event: 0.172 loading class java/lang/Integer
Event: 0.173 loading class java/lang/Integer done
Event: 0.173 loading class java/lang/Long
Event: 0.174 loading class java/lang/Long done
Event: 0.175 loading class java/lang/NullPointerException
Event: 0.175 loading class java/lang/NullPointerException done
Event: 0.175 loading class java/lang/ArithmeticException
Event: 0.175 loading class java/lang/ArithmeticException done


Dynamic libraries:
0x00007ff6acf50000 - 0x00007ff6acf81000 	C:\Program Files\Android\Android Studio\jre\jre\bin\java.exe
0x00007fff07de0000 - 0x00007fff07fd0000 	C:\WINDOWS\SYSTEM32\ntdll.dll
0x00007fff079e0000 - 0x00007fff07a92000 	C:\WINDOWS\System32\KERNEL32.DLL
0x00007fff05940000 - 0x00007fff05be5000 	C:\WINDOWS\System32\KERNELBASE.dll
0x00007fff062c0000 - 0x00007fff06363000 	C:\WINDOWS\System32\ADVAPI32.dll
0x00007fff061a0000 - 0x00007fff0623e000 	C:\WINDOWS\System32\msvcrt.dll
0x00007fff05e90000 - 0x00007fff05f27000 	C:\WINDOWS\System32\sechost.dll
0x00007fff06ef0000 - 0x00007fff07010000 	C:\WINDOWS\System32\RPCRT4.dll
0x00007fff07840000 - 0x00007fff079d5000 	C:\WINDOWS\System32\USER32.dll
0x00007fff05580000 - 0x00007fff055a1000 	C:\WINDOWS\System32\win32u.dll
0x00007fff060e0000 - 0x00007fff06106000 	C:\WINDOWS\System32\GDI32.dll
0x00007fff057a0000 - 0x00007fff05936000 	C:\WINDOWS\System32\gdi32full.dll
0x00007fff055b0000 - 0x00007fff0564e000 	C:\WINDOWS\System32\msvcp_win.dll
0x00007fff05bf0000 - 0x00007fff05cea000 	C:\WINDOWS\System32\ucrtbase.dll
0x00007ffef59f0000 - 0x00007ffef5c74000 	C:\WINDOWS\WinSxS\amd64_microsoft.windows.common-controls_6595b64144ccf1df_6.0.18362.1082_none_9e8193e1e45b25c1\COMCTL32.dll
0x00007fff06450000 - 0x00007fff06785000 	C:\WINDOWS\System32\combase.dll
0x00007fff05700000 - 0x00007fff05780000 	C:\WINDOWS\System32\bcryptPrimitives.dll
0x00007fff06370000 - 0x00007fff0639e000 	C:\WINDOWS\System32\IMM32.DLL
0x000000005f230000 - 0x000000005f302000 	C:\Program Files\Android\Android Studio\jre\jre\bin\msvcr100.dll
0x000000005fe20000 - 0x000000006066b000 	C:\Program Files\Android\Android Studio\jre\jre\bin\server\jvm.dll
0x00007fff060d0000 - 0x00007fff060d8000 	C:\WINDOWS\System32\PSAPI.DLL
0x00007ffef30a0000 - 0x00007ffef30a9000 	C:\WINDOWS\SYSTEM32\WSOCK32.dll
0x00007fff07530000 - 0x00007fff0759f000 	C:\WINDOWS\System32\WS2_32.dll
0x00007fff01da0000 - 0x00007fff01dc4000 	C:\WINDOWS\SYSTEM32\WINMM.dll
0x00007ffefa9e0000 - 0x00007ffefa9ea000 	C:\WINDOWS\SYSTEM32\VERSION.dll
0x00007fff005b0000 - 0x00007fff005dd000 	C:\WINDOWS\SYSTEM32\WINMMBASE.dll
0x00007fff05e40000 - 0x00007fff05e8a000 	C:\WINDOWS\System32\cfgmgr32.dll
0x00007fff02820000 - 0x00007fff0282f000 	C:\Program Files\Android\Android Studio\jre\jre\bin\verify.dll
0x00007ffef1fc0000 - 0x00007ffef1fe9000 	C:\Program Files\Android\Android Studio\jre\jre\bin\java.dll
0x00007ffeefc00000 - 0x00007ffeefc16000 	C:\Program Files\Android\Android Studio\jre\jre\bin\zip.dll

VM Arguments:
java_command: org.jetbrains.git4idea.http.GitAskPassApp Username for 'https://github.com': 
java_class_path (initial): C:/Program Files/Android/Android Studio/plugins/git4idea/lib/git4idea-rt.jar;C:/Program Files/Android/Android Studio/lib/xmlrpc-2.0.1.jar;C:/Program Files/Android/Android Studio/lib/commons-codec-1.13.jar;C:/Program Files/Android/Android Studio/lib/util.jar
Launcher Type: SUN_STANDARD

Environment Variables:
JAVA_HOME=C:\Program Files\Java\jdk-15
PATH=C:\Program Files\Git\mingw64\libexec\git-core;C:\Program Files\Git\mingw64\libexec\git-core;C:\Program Files\Git\mingw64\bin;C:\Program Files\Git\usr\bin;C:\Users\yuvik\bin;C:\Program Files\Common Files\Oracle\Java\javapath;C:\Program Files (x86)\Intel\iCLS Client;C:\Program Files\Intel\iCLS Client;C:\Windows\system32;C:\Windows;C:\Windows\System32\Wbem;C:\Windows\System32\WindowsPowerShell\v1.0;C:\Program Files (x86)\Intel\Intel(R) Management Engine Components\DAL;C:\Program Files\Intel\Intel(R) Management Engine Components\DAL;C:\Program Files (x86)\Intel\Intel(R) Management Engine Components\IPT;C:\Program Files\Intel\Intel(R) Management Engine Components\IPT;C:\Program Files (x86)\NVIDIA Corporation\PhysX\Common;C:\WINDOWS\system32;C:\WINDOWS;C:\WINDOWS\System32\Wbem;C:\WINDOWS\System32\WindowsPowerShell\v1.0;C:\WINDOWS\System32\OpenSSH;C:\Program Files\Java\jdk-15\bin;C:\Program Files\Git\cmd;C:\Users\yuvik\AppData\Local\Microsoft\WindowsApps
USERNAME=yuvik
DISPLAY=:0.0
OS=Windows_NT
PROCESSOR_IDENTIFIER=Intel64 Family 6 Model 142 Stepping 9, GenuineIntel



---------------  S Y S T E M  ---------------

OS: Windows 10.0 , 64 bit Build 18362 (10.0.18362.1082)

CPU:total 4 (initial active 4) (2 cores per cpu, 2 threads per core) family 6 model 142 stepping 9, cmov, cx8, fxsr, mmx, sse, sse2, sse3, ssse3, sse4.1, sse4.2, popcnt, avx, avx2, aes, clmul, erms, 3dnowpref, lzcnt, ht, tsc, tscinvbit, bmi1, bmi2, adx

Memory: 4k page, physical 8236940k(618016k free), swap 33402764k(6784k free)

vm_info: OpenJDK 64-Bit Server VM (25.242-b01) for windows-amd64 JRE (1.8.0_242-release-1644-b01), built by "builder" with MS VC++ 10.0 (VS2010)

time: Sat Oct 10 22:32:38 2020
timezone: India Standard Time
elapsed time: 0 seconds (0d 0h 0m 0s)

